[27-Jul-2021 14:41:49] NOTICE: fpm is running, pid 18
[27-Jul-2021 14:41:49] NOTICE: ready to handle connections
[27-Jul-2021 14:41:49] NOTICE: systemd monitor interval set to 10000ms
[27-Jul-2021 14:42:55] NOTICE: fpm is running, pid 18
[27-Jul-2021 14:42:55] NOTICE: ready to handle connections
[27-Jul-2021 14:42:55] NOTICE: systemd monitor interval set to 10000ms
[27-Jul-2021 14:59:23] NOTICE: Terminating ...
[27-Jul-2021 14:59:23] NOTICE: exiting, bye-bye!
[28-Jul-2021 13:17:56] NOTICE: fpm is running, pid 18
[28-Jul-2021 13:17:56] NOTICE: ready to handle connections
[28-Jul-2021 13:17:56] NOTICE: systemd monitor interval set to 10000ms
[28-Jul-2021 15:33:36] NOTICE: Terminating ...
[28-Jul-2021 15:33:36] NOTICE: exiting, bye-bye!
[29-Jul-2021 13:32:09] NOTICE: fpm is running, pid 17
[29-Jul-2021 13:32:09] NOTICE: ready to handle connections
[29-Jul-2021 13:32:09] NOTICE: systemd monitor interval set to 10000ms
[03-Aug-2021 15:15:18] NOTICE: fpm is running, pid 18
[03-Aug-2021 15:15:18] NOTICE: ready to handle connections
[03-Aug-2021 15:15:18] NOTICE: systemd monitor interval set to 10000ms
[09-Aug-2021 12:30:41] NOTICE: fpm is running, pid 18
[09-Aug-2021 12:30:41] NOTICE: ready to handle connections
[09-Aug-2021 12:30:41] NOTICE: systemd monitor interval set to 10000ms
[10-Aug-2021 12:48:35] NOTICE: fpm is running, pid 18
[10-Aug-2021 12:48:35] NOTICE: ready to handle connections
[10-Aug-2021 12:48:35] NOTICE: systemd monitor interval set to 10000ms
[13-Aug-2021 15:40:00] NOTICE: fpm is running, pid 18
[13-Aug-2021 15:40:00] NOTICE: ready to handle connections
[13-Aug-2021 15:40:00] NOTICE: systemd monitor interval set to 10000ms
[16-Aug-2021 12:57:13] NOTICE: fpm is running, pid 18
[16-Aug-2021 12:57:13] NOTICE: ready to handle connections
[16-Aug-2021 12:57:13] NOTICE: systemd monitor interval set to 10000ms
[17-Aug-2021 09:50:21] NOTICE: fpm is running, pid 17
[17-Aug-2021 09:50:21] NOTICE: ready to handle connections
[17-Aug-2021 09:50:21] NOTICE: systemd monitor interval set to 10000ms
[17-Aug-2021 12:35:05] NOTICE: Terminating ...
[17-Aug-2021 12:35:05] NOTICE: exiting, bye-bye!
[17-Aug-2021 14:03:52] NOTICE: fpm is running, pid 19
[17-Aug-2021 14:03:52] NOTICE: ready to handle connections
[17-Aug-2021 14:03:52] NOTICE: systemd monitor interval set to 10000ms
[17-Aug-2021 15:46:15] NOTICE: Terminating ...
[17-Aug-2021 15:46:15] NOTICE: exiting, bye-bye!
[05-Sep-2021 08:11:48] NOTICE: fpm is running, pid 18
[05-Sep-2021 08:11:48] NOTICE: ready to handle connections
[05-Sep-2021 08:11:48] NOTICE: systemd monitor interval set to 10000ms
[05-Sep-2021 10:22:51] NOTICE: Terminating ...
[05-Sep-2021 10:22:51] NOTICE: exiting, bye-bye!
[06-Sep-2021 12:43:04] NOTICE: fpm is running, pid 18
[06-Sep-2021 12:43:04] NOTICE: ready to handle connections
[06-Sep-2021 12:43:04] NOTICE: systemd monitor interval set to 10000ms
[07-Sep-2021 13:26:40] NOTICE: fpm is running, pid 18
[07-Sep-2021 13:26:40] NOTICE: ready to handle connections
[07-Sep-2021 13:26:40] NOTICE: systemd monitor interval set to 10000ms
[08-Sep-2021 12:29:46] NOTICE: fpm is running, pid 18
[08-Sep-2021 12:29:46] NOTICE: ready to handle connections
[08-Sep-2021 12:29:46] NOTICE: systemd monitor interval set to 10000ms
[09-Sep-2021 12:13:56] NOTICE: fpm is running, pid 18
[09-Sep-2021 12:13:56] NOTICE: ready to handle connections
[09-Sep-2021 12:13:56] NOTICE: systemd monitor interval set to 10000ms
[10-Sep-2021 02:51:24] NOTICE: fpm is running, pid 17
[10-Sep-2021 02:51:24] NOTICE: ready to handle connections
[10-Sep-2021 02:51:24] NOTICE: systemd monitor interval set to 10000ms
[05-Oct-2021 13:06:21] NOTICE: fpm is running, pid 18
[05-Oct-2021 13:06:21] NOTICE: ready to handle connections
[05-Oct-2021 13:06:21] NOTICE: systemd monitor interval set to 10000ms
[06-Oct-2021 13:16:10] NOTICE: fpm is running, pid 18
[06-Oct-2021 13:16:10] NOTICE: ready to handle connections
[06-Oct-2021 13:16:10] NOTICE: systemd monitor interval set to 10000ms
[07-Oct-2021 12:44:00] NOTICE: fpm is running, pid 18
[07-Oct-2021 12:44:00] NOTICE: ready to handle connections
[07-Oct-2021 12:44:00] NOTICE: systemd monitor interval set to 10000ms
[08-Oct-2021 06:47:41] NOTICE: fpm is running, pid 18
[08-Oct-2021 06:47:41] NOTICE: ready to handle connections
[08-Oct-2021 06:47:41] NOTICE: systemd monitor interval set to 10000ms
[15-Nov-2021 12:36:15] NOTICE: fpm is running, pid 18
[15-Nov-2021 12:36:15] NOTICE: ready to handle connections
[15-Nov-2021 12:36:15] NOTICE: systemd monitor interval set to 10000ms
[16-Nov-2021 01:49:32] NOTICE: fpm is running, pid 17
[16-Nov-2021 01:49:32] NOTICE: ready to handle connections
[16-Nov-2021 01:49:32] NOTICE: systemd monitor interval set to 10000ms
[17-Nov-2021 02:31:27] NOTICE: fpm is running, pid 18
[17-Nov-2021 02:31:27] NOTICE: ready to handle connections
[17-Nov-2021 02:31:27] NOTICE: systemd monitor interval set to 10000ms
[18-Nov-2021 01:39:40] NOTICE: fpm is running, pid 18
[18-Nov-2021 01:39:40] NOTICE: ready to handle connections
[18-Nov-2021 01:39:40] NOTICE: systemd monitor interval set to 10000ms
[18-Nov-2021 07:29:13] WARNING: [pool www] child 26 said into stderr: "NOTICE: PHP message: PHP Warning:  Missing boundary in multipart/form-data POST data in Unknown on line 0"
[19-Nov-2021 01:24:30] NOTICE: fpm is running, pid 17
[19-Nov-2021 01:24:30] NOTICE: ready to handle connections
[19-Nov-2021 01:24:30] NOTICE: systemd monitor interval set to 10000ms
[19-Nov-2021 01:49:08] NOTICE: fpm is running, pid 18
[19-Nov-2021 01:49:08] NOTICE: ready to handle connections
[19-Nov-2021 01:49:08] NOTICE: systemd monitor interval set to 10000ms
[19-Nov-2021 02:58:16] NOTICE: fpm is running, pid 18
[19-Nov-2021 02:58:16] NOTICE: ready to handle connections
[19-Nov-2021 02:58:16] NOTICE: systemd monitor interval set to 10000ms
[19-Nov-2021 03:12:12] NOTICE: fpm is running, pid 18
[19-Nov-2021 03:12:12] NOTICE: ready to handle connections
[19-Nov-2021 03:12:12] NOTICE: systemd monitor interval set to 10000ms
[19-Nov-2021 09:03:53] NOTICE: fpm is running, pid 18
[19-Nov-2021 09:03:53] NOTICE: ready to handle connections
[19-Nov-2021 09:03:53] NOTICE: systemd monitor interval set to 10000ms
[19-Nov-2021 09:04:34] NOTICE: fpm is running, pid 18
[19-Nov-2021 09:04:34] NOTICE: ready to handle connections
[19-Nov-2021 09:04:34] NOTICE: systemd monitor interval set to 10000ms
[19-Nov-2021 14:06:31] NOTICE: fpm is running, pid 18
[19-Nov-2021 14:06:31] NOTICE: ready to handle connections
[19-Nov-2021 14:06:31] NOTICE: systemd monitor interval set to 10000ms
[19-Nov-2021 14:13:15] NOTICE: fpm is running, pid 18
[19-Nov-2021 14:13:15] NOTICE: ready to handle connections
[19-Nov-2021 14:13:15] NOTICE: systemd monitor interval set to 10000ms
[22-Nov-2021 01:54:10] NOTICE: fpm is running, pid 18
[22-Nov-2021 01:54:10] NOTICE: ready to handle connections
[22-Nov-2021 01:54:10] NOTICE: systemd monitor interval set to 10000ms
[22-Nov-2021 09:01:33] NOTICE: fpm is running, pid 18
[22-Nov-2021 09:01:33] NOTICE: ready to handle connections
[22-Nov-2021 09:01:33] NOTICE: systemd monitor interval set to 10000ms
[23-Nov-2021 08:04:28] NOTICE: fpm is running, pid 19
[23-Nov-2021 08:04:28] NOTICE: ready to handle connections
[23-Nov-2021 08:04:28] NOTICE: systemd monitor interval set to 10000ms
[24-Nov-2021 02:58:15] NOTICE: fpm is running, pid 18
[24-Nov-2021 02:58:15] NOTICE: ready to handle connections
[24-Nov-2021 02:58:15] NOTICE: systemd monitor interval set to 10000ms
